<?xml version="1.0" encoding="UTF-8"?>
<testng-results ignored="0" total="2" passed="2" failed="0" skipped="0">
  <reporter-output>
    <line>
      <![CDATA[Entered User Name]]>
    </line>
    <line>
      <![CDATA[Found Error in the log page]]>
    </line>
    <line>
      <![CDATA[Entered User Name]]>
    </line>
  </reporter-output>
  <suite started-at="2021-07-11T19:39:25 IST" name="Default suite" finished-at="2021-07-11T19:41:40 IST" duration-ms="135153">
    <groups>
    </groups>
    <test started-at="2021-07-11T19:39:25 IST" name="Default test" finished-at="2021-07-11T19:41:40 IST" duration-ms="135153">
      <class name="Test.Axelerant">
        <test-method is-config="true" signature="LaunchBrowser()[pri:0, instance:Test.Axelerant@77167fb7]" started-at="2021-07-11T19:39:25 IST" name="LaunchBrowser" finished-at="2021-07-11T19:39:34 IST" duration-ms="9119" status="PASS">
          <reporter-output>
          </reporter-output>
        </test-method> <!-- LaunchBrowser -->
        <test-method signature="assingnmetAB()[pri:1, instance:Test.Axelerant@77167fb7]" started-at="2021-07-11T19:39:34 IST" name="assingnmetAB" finished-at="2021-07-11T19:40:17 IST" duration-ms="43122" status="PASS">
          <reporter-output>
            <line>
              <![CDATA[Entered User Name]]>
            </line>
            <line>
              <![CDATA[Found Error in the log page]]>
            </line>
          </reporter-output>
        </test-method> <!-- assingnmetAB -->
        <test-method is-config="true" signature="AfterTest()[pri:0, instance:Test.Axelerant@77167fb7]" started-at="2021-07-11T19:40:17 IST" name="AfterTest" finished-at="2021-07-11T19:40:17 IST" duration-ms="81" status="PASS">
          <reporter-output>
          </reporter-output>
        </test-method> <!-- AfterTest -->
        <test-method is-config="true" signature="screenShot(org.testng.ITestResult)[pri:0, instance:Test.Axelerant@77167fb7]" started-at="2021-07-11T19:40:17 IST" name="screenShot" finished-at="2021-07-11T19:40:17 IST" duration-ms="9" status="PASS">
          <params>
            <param index="0">
              <value>
                <![CDATA[[TestResult name=assingnmetAB status=SUCCESS method=Axelerant.assingnmetAB()[pri:1, instance:Test.Axelerant@77167fb7] output=Entered User Name]]]>
              </value>
            </param>
          </params>
          <reporter-output>
          </reporter-output>
        </test-method> <!-- screenShot -->
        <test-method is-config="true" signature="LaunchBrowser()[pri:0, instance:Test.Axelerant@77167fb7]" started-at="2021-07-11T19:40:17 IST" name="LaunchBrowser" finished-at="2021-07-11T19:40:21 IST" duration-ms="4254" status="PASS">
          <reporter-output>
          </reporter-output>
        </test-method> <!-- LaunchBrowser -->
        <test-method signature="assingnmetC()[pri:0, instance:Test.Axelerant@77167fb7]" started-at="2021-07-11T19:40:21 IST" name="assingnmetC" finished-at="2021-07-11T19:41:40 IST" depends-on-methods="Test.Axelerant.assingnmetAB" duration-ms="78365" status="PASS">
          <reporter-output>
            <line>
              <![CDATA[Entered User Name]]>
            </line>
          </reporter-output>
        </test-method> <!-- assingnmetC -->
        <test-method is-config="true" signature="AfterTest()[pri:0, instance:Test.Axelerant@77167fb7]" started-at="2021-07-11T19:41:40 IST" name="AfterTest" finished-at="2021-07-11T19:41:40 IST" duration-ms="121" status="PASS">
          <reporter-output>
          </reporter-output>
        </test-method> <!-- AfterTest -->
        <test-method is-config="true" signature="screenShot(org.testng.ITestResult)[pri:0, instance:Test.Axelerant@77167fb7]" started-at="2021-07-11T19:41:40 IST" name="screenShot" finished-at="2021-07-11T19:41:40 IST" duration-ms="1" status="PASS">
          <params>
            <param index="0">
              <value>
                <![CDATA[[TestResult name=assingnmetC status=SUCCESS method=Axelerant.assingnmetC()[pri:0, instance:Test.Axelerant@77167fb7] output=Entered User Name]]]>
              </value>
            </param>
          </params>
          <reporter-output>
          </reporter-output>
        </test-method> <!-- screenShot -->
      </class> <!-- Test.Axelerant -->
    </test> <!-- Default test -->
  </suite> <!-- Default suite -->
</testng-results>
