# JRE version: OpenJDK Runtime Environment (11.0.11+9) (build 11.0.11+9-Ubuntu-0ubuntu2.20.04)
# Java VM: OpenJDK 64-Bit Server VM (11.0.11+9-Ubuntu-0ubuntu2.20.04, mixed mode, sharing, tiered, compressed oops, g1 gc, linux-amd64)
Heap:
 garbage-first heap   total 61440K, used 18124K [0x00000000c6c00000, 0x0000000100000000)
  region size 1024K, 7 young (7168K), 2 survivors (2048K)
 Metaspace       used 15567K, capacity 16316K, committed 16512K, reserved 1062912K
  class space    used 1876K, capacity 2145K, committed 2176K, reserved 1048576K
GC Heap History (6 events):
Event: 0.515 GC heap before
{Heap before GC invocations=0 (full 0):
 garbage-first heap   total 61440K, used 19144K [0x00000000c6c00000, 0x0000000100000000)
  region size 1024K, 14 young (14336K), 0 survivors (0K)
 Metaspace       used 1797K, capacity 5106K, committed 5376K, reserved 1056768K
  class space    used 178K, capacity 467K, committed 512K, reserved 1048576K
}
Event: 0.529 GC heap after
{Heap after GC invocations=1 (full 0):
 garbage-first heap   total 61440K, used 9531K [0x00000000c6c00000, 0x0000000100000000)
  region size 1024K, 2 young (2048K), 2 survivors (2048K)
 Metaspace       used 1797K, capacity 5106K, committed 5376K, reserved 1056768K
  class space    used 178K, capacity 467K, committed 512K, reserved 1048576K
}
Event: 1.511 GC heap before
{Heap before GC invocations=1 (full 0):
 garbage-first heap   total 61440K, used 38203K [0x00000000c6c00000, 0x0000000100000000)
  region size 1024K, 30 young (30720K), 2 survivors (2048K)
 Metaspace       used 11035K, capacity 11453K, committed 11776K, reserved 1058816K
  class space    used 1274K, capacity 1417K, committed 1536K, reserved 1048576K
}
Event: 1.522 GC heap after
{Heap after GC invocations=2 (full 0):
 garbage-first heap   total 61440K, used 12941K [0x00000000c6c00000, 0x0000000100000000)
  region size 1024K, 4 young (4096K), 4 survivors (4096K)
 Metaspace       used 11035K, capacity 11453K, committed 11776K, reserved 1058816K
  class space    used 1274K, capacity 1417K, committed 1536K, reserved 1048576K
}
Event: 1.935 GC heap before
{Heap before GC invocations=2 (full 0):
 garbage-first heap   total 61440K, used 25229K [0x00000000c6c00000, 0x0000000100000000)
  region size 1024K, 16 young (16384K), 4 survivors (4096K)
 Metaspace       used 14463K, capacity 15118K, committed 15360K, reserved 1062912K
  class space    used 1754K, capacity 2004K, committed 2048K, reserved 1048576K
}
Event: 1.951 GC heap after
{Heap after GC invocations=3 (full 0):
 garbage-first heap   total 61440K, used 14028K [0x00000000c6c00000, 0x0000000100000000)
  region size 1024K, 2 young (2048K), 2 survivors (2048K)
 Metaspace       used 14463K, capacity 15118K, committed 15360K, reserved 1062912K
  class space    used 1754K, capacity 2004K, committed 2048K, reserved 1048576K
}

